# JRE version: Java(TM) SE Runtime Environment 18.9 (11.0.18+9) (build 11.0.18+9-LTS-195)
# Java VM: Java HotSpot(TM) 64-Bit Server VM 18.9 (11.0.18+9-LTS-195, mixed mode, tiered, compressed oops, g1 gc, windows-amd64)
Heap:
 garbage-first heap   total 131072K, used 93017K [0x0000000080000000, 0x0000000100000000)
  region size 1024K, 16 young (16384K), 5 survivors (5120K)
 Metaspace       used 87085K, capacity 89138K, committed 89372K, reserved 1126400K
  class space    used 11423K, capacity 12190K, committed 12316K, reserved 1048576K
GC Heap History (10 events):
Event: 144.149 GC heap before
{Heap before GC invocations=22 (full 0):
 garbage-first heap   total 131072K, used 106960K [0x0000000080000000, 0x0000000100000000)
  region size 1024K, 42 young (43008K), 3 survivors (3072K)
 Metaspace       used 76247K, capacity 77977K, committed 78236K, reserved 1116160K
  class space    used 9960K, capacity 10624K, committed 10652K, reserved 1048576K
}
Event: 144.161 GC heap after
{Heap after GC invocations=23 (full 0):
 garbage-first heap   total 131072K, used 69224K [0x0000000080000000, 0x0000000100000000)
  region size 1024K, 6 young (6144K), 6 survivors (6144K)
 Metaspace       used 76247K, capacity 77977K, committed 78236K, reserved 1116160K
  class space    used 9960K, capacity 10624K, committed 10652K, reserved 1048576K
}
Event: 167.384 GC heap before
{Heap before GC invocations=23 (full 0):
 garbage-first heap   total 131072K, used 107112K [0x0000000080000000, 0x0000000100000000)
  region size 1024K, 43 young (44032K), 6 survivors (6144K)
 Metaspace       used 79781K, capacity 81477K, committed 81692K, reserved 1120256K
  class space    used 10491K, capacity 11198K, committed 11292K, reserved 1048576K
}
Event: 167.403 GC heap after
{Heap after GC invocations=24 (full 0):
 garbage-first heap   total 131072K, used 71586K [0x0000000080000000, 0x0000000100000000)
  region size 1024K, 5 young (5120K), 5 survivors (5120K)
 Metaspace       used 79781K, capacity 81477K, committed 81692K, reserved 1120256K
  class space    used 10491K, capacity 11198K, committed 11292K, reserved 1048576K
}
Event: 180.150 GC heap before
{Heap before GC invocations=25 (full 0):
 garbage-first heap   total 131072K, used 108450K [0x0000000080000000, 0x0000000100000000)
  region size 1024K, 41 young (41984K), 5 survivors (5120K)
 Metaspace       used 83353K, capacity 85212K, committed 85532K, reserved 1122304K
  class space    used 10952K, capacity 11675K, committed 11804K, reserved 1048576K
}
Event: 180.168 GC heap after
{Heap after GC invocations=26 (full 0):
 garbage-first heap   total 131072K, used 74396K [0x0000000080000000, 0x0000000100000000)
  region size 1024K, 5 young (5120K), 5 survivors (5120K)
 Metaspace       used 83353K, capacity 85212K, committed 85532K, reserved 1122304K
  class space    used 10952K, capacity 11675K, committed 11804K, reserved 1048576K
}
Event: 185.288 GC heap before
{Heap before GC invocations=26 (full 0):
 garbage-first heap   total 131072K, used 109212K [0x0000000080000000, 0x0000000100000000)
  region size 1024K, 39 young (39936K), 5 survivors (5120K)
 Metaspace       used 83886K, capacity 85763K, committed 86044K, reserved 1124352K
  class space    used 11020K, capacity 11729K, committed 11804K, reserved 1048576K
}
Event: 185.312 GC heap after
{Heap after GC invocations=27 (full 0):
 garbage-first heap   total 131072K, used 79345K [0x0000000080000000, 0x0000000100000000)
  region size 1024K, 5 young (5120K), 5 survivors (5120K)
 Metaspace       used 83886K, capacity 85763K, committed 86044K, reserved 1124352K
  class space    used 11020K, capacity 11729K, committed 11804K, reserved 1048576K
}
Event: 204.273 GC heap before
{Heap before GC invocations=28 (full 0):
 garbage-first heap   total 131072K, used 108017K [0x0000000080000000, 0x0000000100000000)
  region size 1024K, 34 young (34816K), 5 survivors (5120K)
 Metaspace       used 86390K, capacity 88435K, committed 88604K, reserved 1126400K
  class space    used 11301K, capacity 12049K, committed 12060K, reserved 1048576K
}
Event: 204.291 GC heap after
{Heap after GC invocations=29 (full 0):
 garbage-first heap   total 131072K, used 83801K [0x0000000080000000, 0x0000000100000000)
  region size 1024K, 5 young (5120K), 5 survivors (5120K)
 Metaspace       used 86390K, capacity 88435K, committed 88604K, reserved 1126400K
  class space    used 11301K, capacity 12049K, committed 12060K, reserved 1048576K
}

